<?xml version="1.0" encoding="UTF-8"?>
<!-- Generated by org.testng.reporters.JUnitXMLReporter -->
<testsuite ignored="0" hostname="DESKTOP-GU0DP2S" failures="0" tests="2" name="HighPriorityTest" time="53.995" errors="0" timestamp="2023-03-15T20:58:58 IST">
  <testcase classname="com.saucedemo.TestPack.TestClassAddToCart" name="verifyBagProductAddToCartFunctionality" time="6.377"/>
  <testcase classname="com.saucedemo.TestPack.TestClassLogin" name="verifyLoginFunctionality" time="0.007"/>
</testsuite> <!-- HighPriorityTest -->
