<?xml version="1.0" encoding="UTF-8"?>
<!-- Generated by org.testng.reporters.JUnitXMLReporter -->
<testsuite ignored="0" hostname="DESKTOP-GU0DP2S" failures="0" tests="3" name="Test" time="100.388" errors="0" timestamp="2023-03-15T19:59:59 IST">
  <testcase classname="com.saucedemo.TestPack.TestClassAddToCart" name="verifyBagProductAddToCartFunctionality" time="6.732"/>
  <testcase classname="com.saucedemo.TestPack.TestClassLogin" name="verifyLoginFunctionality" time="0.008"/>
  <testcase classname="com.saucedemo.TestPack.LogOutTestclass" name="verifyLogOutFunctionality" time="9.692"/>
</testsuite> <!-- Test -->
