<?xml version="1.0" encoding="UTF-8"?>
<!-- Generated by org.testng.reporters.JUnitXMLReporter -->
<testsuite ignored="0" hostname="DESKTOP-GU0DP2S" failures="0" tests="3" name="Test" time="38.26" errors="0" timestamp="2023-03-15T20:49:49 IST">
  <testcase classname="com.saucedemo.TestPack.TestClassLogin" name="verifyLoginFunctionality" time="0.019"/>
  <testcase classname="com.saucedemo.TestPack.TestClassAddToCart" name="verifyBagProductAddToCartFunctionality" time="6.465"/>
  <testcase classname="com.saucedemo.TestPack.LogOutTestclass" name="verifyLogOutFunctionality" time="9.929"/>
</testsuite> <!-- Test -->
