<?xml version="1.0" encoding="UTF-8"?>
<testng-results ignored="0" total="3" passed="3" failed="0" skipped="0">
  <reporter-output>
  </reporter-output>
  <suite started-at="2023-03-15T20:58:04 IST" name="Suite" finished-at="2023-03-15T20:59:43 IST" duration-ms="99049">
    <groups>
    </groups>
    <test started-at="2023-03-15T20:58:04 IST" name="HighPriorityTest" finished-at="2023-03-15T20:58:58 IST" duration-ms="53995">
      <class name="com.saucedemo.TestPack.TestClassLogin">
        <test-method is-config="true" signature="setUp(java.lang.String)[pri:0, instance:com.saucedemo.TestPack.TestClassLogin@429bffaa]" started-at="2023-03-15T20:58:34 IST" name="setUp" finished-at="2023-03-15T20:58:57 IST" duration-ms="23240" status="PASS">
          <params>
            <param index="0">
              <value>
                <![CDATA[chrome]]>
              </value>
            </param>
          </params>
          <reporter-output>
          </reporter-output>
        </test-method> <!-- setUp -->
        <test-method signature="verifyLoginFunctionality()[pri:0, instance:com.saucedemo.TestPack.TestClassLogin@429bffaa]" started-at="2023-03-15T20:58:57 IST" name="verifyLoginFunctionality" finished-at="2023-03-15T20:58:57 IST" duration-ms="7" status="PASS">
          <reporter-output>
          </reporter-output>
        </test-method> <!-- verifyLoginFunctionality -->
        <test-method is-config="true" signature="tearDown()[pri:0, instance:com.saucedemo.TestPack.TestClassLogin@429bffaa]" started-at="2023-03-15T20:58:57 IST" name="tearDown" finished-at="2023-03-15T20:58:58 IST" duration-ms="373" status="PASS">
          <reporter-output>
          </reporter-output>
        </test-method> <!-- tearDown -->
      </class> <!-- com.saucedemo.TestPack.TestClassLogin -->
      <class name="com.saucedemo.TestPack.TestClassAddToCart">
        <test-method is-config="true" signature="setUp(java.lang.String)[pri:0, instance:com.saucedemo.TestPack.TestClassAddToCart@120f102b]" started-at="2023-03-15T20:58:04 IST" name="setUp" finished-at="2023-03-15T20:58:27 IST" duration-ms="23642" status="PASS">
          <params>
            <param index="0">
              <value>
                <![CDATA[chrome]]>
              </value>
            </param>
          </params>
          <reporter-output>
          </reporter-output>
        </test-method> <!-- setUp -->
        <test-method signature="verifyBagProductAddToCartFunctionality()[pri:0, instance:com.saucedemo.TestPack.TestClassAddToCart@120f102b]" started-at="2023-03-15T20:58:27 IST" name="verifyBagProductAddToCartFunctionality" finished-at="2023-03-15T20:58:34 IST" duration-ms="6377" status="PASS">
          <reporter-output>
          </reporter-output>
        </test-method> <!-- verifyBagProductAddToCartFunctionality -->
        <test-method is-config="true" signature="tearDown()[pri:0, instance:com.saucedemo.TestPack.TestClassAddToCart@120f102b]" started-at="2023-03-15T20:58:34 IST" name="tearDown" finished-at="2023-03-15T20:58:34 IST" duration-ms="295" status="PASS">
          <reporter-output>
          </reporter-output>
        </test-method> <!-- tearDown -->
      </class> <!-- com.saucedemo.TestPack.TestClassAddToCart -->
    </test> <!-- HighPriorityTest -->
    <test started-at="2023-03-15T20:58:58 IST" name="LowPriorityTest" finished-at="2023-03-15T20:59:43 IST" duration-ms="44956">
      <class name="com.saucedemo.TestPack.LogOutTestclass">
        <test-method is-config="true" signature="setUp(java.lang.String)[pri:0, instance:com.saucedemo.TestPack.LogOutTestclass@18d87d80]" started-at="2023-03-15T20:58:58 IST" name="setUp" finished-at="2023-03-15T20:59:31 IST" duration-ms="32810" status="PASS">
          <params>
            <param index="0">
              <value>
                <![CDATA[firefox]]>
              </value>
            </param>
          </params>
          <reporter-output>
          </reporter-output>
        </test-method> <!-- setUp -->
        <test-method signature="verifyLogOutFunctionality()[pri:0, instance:com.saucedemo.TestPack.LogOutTestclass@18d87d80]" started-at="2023-03-15T20:59:31 IST" name="verifyLogOutFunctionality" finished-at="2023-03-15T20:59:40 IST" duration-ms="9549" status="PASS">
          <reporter-output>
          </reporter-output>
        </test-method> <!-- verifyLogOutFunctionality -->
        <test-method is-config="true" signature="tearDown()[pri:0, instance:com.saucedemo.TestPack.LogOutTestclass@18d87d80]" started-at="2023-03-15T20:59:40 IST" name="tearDown" finished-at="2023-03-15T20:59:43 IST" duration-ms="2597" status="PASS">
          <reporter-output>
          </reporter-output>
        </test-method> <!-- tearDown -->
      </class> <!-- com.saucedemo.TestPack.LogOutTestclass -->
    </test> <!-- LowPriorityTest -->
  </suite> <!-- Suite -->
</testng-results>
