<?xml version="1.0" encoding="UTF-8"?>
<!-- Generated by org.testng.reporters.JUnitXMLReporter -->
<testsuite ignored="0" hostname="DESKTOP-GU0DP2S" failures="0" tests="3" name="Test" time="140.156" errors="0" timestamp="2023-03-15T20:08:13 IST">
  <testcase classname="com.saucedemo.TestPack.TestClassAddToCart" name="verifyBagProductAddToCartFunctionality" time="6.8"/>
  <testcase classname="com.saucedemo.TestPack.TestClassLogin" name="verifyLoginFunctionality" time="0.013"/>
  <testcase classname="com.saucedemo.TestPack.LogOutTestclass" name="verifyLogOutFunctionality" time="9.698"/>
</testsuite> <!-- Test -->
